0.0,19814
0.0,19751
0.0,19600
0.01,19310
0.01,18978
0.01,18383
0.01,18123
0.01,17858
0.01,16826
0.01,16699
0.01,16020
0.01,16017
0.01,15991
0.01,15948
0.01,15851
0.01,15674
0.01,15653
0.02,15337
0.02,15110
0.02,14718
0.03,14694
0.03,14555
0.03,14466
0.03,14396
0.04,13775
0.04,13758
0.04,13754
0.04,13610
0.05,13595
0.05,13585
0.05,13499
0.05,13260
0.06,13164
0.06,13161
0.06,13032
0.07,13023
0.08,12461
0.08,12400
0.08,12078
0.08,11812
0.09,11809
0.09,11794
0.11,11766
0.11,11762
0.11,11742
0.12,11620
0.12,11586
0.12,11475
0.12,11411
0.12,11371
0.13,11338
0.15,11329
0.15,11315
0.15,11210
0.16,10413
0.16,10408
0.17,10205
0.17,10204
0.18,10167
0.19,10158
0.2,10131
0.22,10117
0.22,10108
0.23,10104
0.23,9847
0.24,9765
0.25,9734
0.26,9675
0.26,9665
0.27,9656
0.27,9555
0.28,9339
0.28,9330
0.28,9280
0.28,9198
0.28,9146
0.28,8989
0.29,8988
0.3,8978
0.3,8938
0.31,8876
0.32,8870
0.34,8865
0.35,8842
0.36,8841
0.38,8754
0.41,8570
0.45,8562
0.55,8522
1.08,8515
1.11,8512
1.12,8485
