0.3,23807
0.43,22696
0.52,22508
0.69,22945
0.85,22040
0.93,21919
1.01,21662
1.17,21606
1.25,20997
1.41,20179
1.58,20123
1.74,19868
1.93,19652
2.16,18942
2.41,19362
2.59,19091
2.67,18982
2.76,18586
3.17,17976
3.25,17897
3.57,17284
3.91,17160
3.99,17029
4.24,16820
4.32,16717
4.47,16331
4.55,15736
4.71,14997
5.21,15802
5.45,15382
5.54,15046
5.71,14896
6.34,14765
6.74,15008
6.83,14957
7.57,15019
7.82,14317
8.14,14458
8.23,14452
8.46,14918
8.7,14631
8.86,14586
9.17,14407
9.25,13541
9.64,14267
9.72,14066
10.2,14334
10.45,14428
10.53,14309
10.61,14264
10.69,14023
11.03,14270
11.27,13713
11.58,13866
12.07,14445
12.63,14507
12.94,14444
13.18,14144
13.34,14318
13.66,14595
13.73,13921
13.81,13714
13.89,13457
14.36,13061
14.43,13046
14.59,12816
14.75,12697
14.82,12398
15.39,12939
16.17,13335
16.32,13016
17.22,12602
17.54,13012
17.61,12910
17.69,12792
18.02,12866
18.1,12801
18.81,13191
19.06,13253
19.23,13296
19.7,13348
19.95,13132
20.68,13644
20.76,13146
20.84,13096
21.31,13190
21.8,13230
22.27,13361
22.35,13302
23.01,13270
23.17,12622
23.9,13210
23.98,13124
24.23,13042
24.65,12930
24.73,12844
25.13,13041
25.61,13677
25.77,13188
26.54,13391
26.87,13796
27.11,13895
27.18,13874
27.73,13874
27.81,13799
28.37,13907
28.44,13677
28.85,13765
28.94,13480
29.02,13032
29.27,13783
29.51,13894
29.76,13842
29.84,13423
