0.0,2345912
0.0,2335230
0.0,2332855
0.0,2331437
0.0,2303205
0.01,2303016
0.01,2302429
0.01,2300394
0.01,2290325
0.01,2290050
0.01,2279960
0.01,2245993
0.01,2239741
0.01,2234012
0.01,2224297
0.01,2194004
0.01,2032743
0.01,2021928
0.01,2012111
0.01,2004033
0.01,1988028
0.01,1955247
0.01,1914442
0.01,1891003
0.01,1873382
0.01,1838782
0.01,1830737
0.01,1770091
0.02,1769650
0.02,1757073
0.02,1756957
0.02,1744513
0.02,1744355
0.02,1728405
0.02,1708070
0.02,1707316
0.02,1681184
0.02,1674106
0.02,1673534
0.02,1655870
0.03,1646362
0.03,1612177
0.03,1607841
0.03,1538480
0.03,1538228
0.03,1537792
0.04,1535966
0.04,1506100
0.04,1490758
0.04,1480075
0.04,1461592
0.04,1411182
0.04,1401152
0.04,1396140
0.05,1390752
0.05,1389007
0.05,1365082
0.05,1325791
0.06,1313210
0.06,1298406
0.06,1295316
0.07,1272332
0.07,1272240
0.07,1267929
0.08,1226713
0.08,1219590
0.09,1172750
0.09,1161152
0.1,1159249
0.11,1156744
0.12,1154016
0.14,1148951
0.15,1148477
0.17,1147756
0.17,1139263
0.17,1135530
0.18,1134733
0.22,1132855
0.22,1126799
0.23,1120300
0.23,1117886
0.26,1115011
0.26,1105018
0.26,1078905
0.3,1054419
0.34,1029436
0.37,958322
0.48,939346
0.5,934798
0.62,933505
0.63,921855
