0.16,2222400
0.25,2116046
0.47,2176442
0.55,2074896
0.7,2066907
0.96,2062591
1.03,1986610
1.11,1884064
1.43,1878509
1.59,1872498
1.67,1851518
1.74,1845050
1.82,1772653
2.07,1769318
2.15,1636316
2.63,1633851
2.71,1610105
2.95,1569815
3.19,1610726
3.35,1509561
3.75,1491453
3.83,1458327
4.14,1428739
4.3,1453921
4.37,1398298
4.6,1418930
4.77,1403521
5.02,1402602
5.18,1390364
5.5,1353372
5.58,1335957
6.29,1367016
6.68,1348662
7.09,1354180
7.4,1352842
7.87,1284910
7.95,1261988
8.39,1263018
8.82,1249341
9.27,1232860
9.63,1232502
10.13,1206712
10.29,1203721
10.58,1198988
11.47,1198411
11.92,1238139
12.14,1236901
13.63,1244263
13.86,1250602
14.16,1230005
14.31,1217569
14.73,1206272
15.16,1210697
15.52,1239487
15.59,1217501
15.66,1197811
15.73,1187008
16.4,1214077
16.48,1208992
17.46,1253710
17.91,1250282
18.06,1247595
18.37,1188751
18.67,1187173
18.97,1236841
19.12,1187597
19.29,1216319
19.57,1268035
19.65,1264955
19.79,1239829
20.02,1082723
20.45,1205159
20.73,1214976
21.19,1228179
21.48,1245515
21.7,1264501
22.07,1222970
22.67,1170685
22.96,1226520
23.4,1226808
23.48,1226523
23.55,1205590
23.84,1245275
23.92,1189595
24.22,1229613
24.3,1155407
24.92,1233211
25.22,1229857
25.99,1226268
26.21,1210139
26.43,1182936
26.5,1156501
26.81,1212066
26.88,1190432
27.1,1196705
27.18,1185167
27.25,1170099
27.39,1138312
28.28,1193772
28.87,1204137
28.94,1184083
29.1,1177327
29.32,1178456
