0.0,125027
0.01,118400
0.01,118241
0.01,115107
0.01,114691
0.01,111704
0.01,111414
0.01,111255
0.01,107475
0.01,104394
0.01,102613
0.01,101992
0.01,101920
0.01,101814
0.01,99872
0.01,98661
0.01,97572
0.02,95734
0.02,95655
0.02,94834
0.02,93873
0.02,93581
0.02,93546
0.02,92661
0.03,91284
0.03,85042
0.03,83063
0.03,82948
0.03,82733
0.03,82498
0.03,82023
0.04,81771
0.04,81580
0.04,81438
0.04,81149
0.04,81009
0.05,80993
0.05,80651
0.06,80596
0.06,79991
0.06,79930
0.07,77397
0.07,76476
0.07,75224
0.08,74407
0.09,74011
0.1,73986
0.1,73765
0.1,73540
0.1,72591
0.11,72549
0.11,72291
0.12,71567
0.12,71530
0.13,70852
0.13,69052
0.13,68934
0.13,68011
0.13,67984
0.14,67613
0.14,66241
0.15,65167
0.15,65098
0.16,64354
0.16,63580
0.18,62348
0.19,61053
0.25,59893
0.25,59845
0.3,59362
0.3,59171
0.33,58609
0.34,58607
0.36,58400
0.36,57811
0.36,57740
0.36,57362
0.37,57356
0.37,56965
0.41,56082
0.41,55587
0.51,55239
0.54,55126
1.39,55059
1.55,55011
