0.21,178359
0.34,172568
0.43,170367
0.53,162337
0.94,158874
1.02,156047
1.1,152951
1.34,149103
1.51,147359
1.76,147167
1.85,144398
1.92,141513
2.24,131764
2.32,129686
2.58,131173
2.66,123014
2.82,126461
2.98,120528
3.38,119311
3.71,119184
3.87,118494
3.95,118425
4.12,114047
4.28,117841
4.36,116703
4.45,114669
4.61,112260
4.94,109890
5.35,115052
5.59,114727
5.83,107320
6.15,107177
6.56,109551
6.72,111255
6.8,109668
6.88,108682
7.44,110660
7.86,110041
7.94,109135
8.11,108668
8.37,107633
8.54,107961
8.8,107008
8.96,106781
9.05,106702
9.3,104553
9.9,106452
10.24,109523
10.32,106369
10.58,109021
10.98,107905
11.07,106856
11.24,107491
11.58,101019
12.1,101038
12.58,101201
12.91,101280
13.17,101141
13.26,100527
13.41,97658
14.0,102312
14.84,105226
15.25,106772
15.5,106725
15.67,107418
16.17,108283
17.11,110734
17.19,106535
17.61,105507
17.86,104053
18.29,106796
18.37,105240
18.87,107139
19.04,104267
19.55,107852
19.97,106825
20.39,110344
20.48,104660
20.65,106976
21.0,111229
21.25,110926
21.77,110686
22.19,113871
22.36,113019
22.7,112435
22.96,110835
23.13,108542
23.3,105072
23.64,114454
23.72,111807
23.89,108876
24.23,112764
24.32,111941
24.41,107225
24.85,107098
25.11,108715
25.19,103898
25.35,106750
25.44,102595
25.69,104096
26.03,103749
26.37,102308
26.54,98915
27.38,97549
27.64,98973
27.72,98756
28.16,98682
28.41,99101
29.27,99056
