0.33,469262
0.43,427468
0.64,429843
0.75,418967
1.06,416992
1.71,419119
1.93,407281
2.45,405788
2.55,401235
2.87,402667
2.97,395884
3.29,402576
3.39,390648
3.8,374912
4.01,381824
4.12,373292
4.43,367062
4.64,365733
5.07,361611
5.18,342276
5.37,341622
5.9,344542
6.0,335478
6.1,328140
6.63,330505
6.94,328348
7.25,327640
7.35,326899
7.44,325896
7.53,320283
7.82,321106
8.21,326035
8.3,311696
8.88,312408
9.26,321375
10.02,336893
10.12,330893
10.21,328615
10.41,325484
10.69,328786
11.09,324897
11.27,324530
11.46,322492
11.75,318260
11.84,315850
11.93,313363
12.02,301045
12.59,315350
12.68,310436
12.96,304392
13.25,303573
13.64,306645
13.74,306348
14.22,311705
14.62,315294
14.71,309615
14.8,306383
15.38,318256
15.66,310252
15.95,304150
16.91,317800
17.49,321190
17.59,319259
17.69,315542
17.87,315539
17.96,303368
18.15,307116
18.34,308485
18.44,304666
18.9,298682
19.0,298505
19.19,310124
19.48,306891
19.58,305986
19.98,311844
20.07,308920
20.74,309921
21.22,301409
21.31,300443
21.51,289990
21.8,310371
22.0,308703
22.2,311749
22.3,305087
22.49,313509
22.69,310250
22.88,309893
22.98,309747
23.69,321619
23.89,313616
23.98,311822
24.58,311787
24.68,308080
25.08,312718
25.38,307369
25.58,320346
25.67,319911
26.0,312472
26.3,317545
26.5,317392
26.6,312007
27.39,321136
27.49,307162
28.11,318966
28.31,323331
28.42,320294
28.71,321059
29.22,323167
29.31,322733
29.42,315302
29.62,313830
30.03,309810
