0.01,416772
0.01,412589
0.01,412016
0.01,404239
0.01,401634
0.02,390144
0.02,383416
0.02,382983
0.02,380868
0.02,380853
0.02,375950
0.02,375407
0.02,372639
0.02,370600
0.02,369532
0.02,366340
0.03,366305
0.03,366102
0.03,352117
0.03,347266
0.03,343747
0.03,336939
0.03,335083
0.04,333829
0.04,332413
0.04,330398
0.04,329477
0.04,327809
0.04,327237
0.04,323432
0.05,322510
0.05,318148
0.05,317935
0.05,315457
0.06,312788
0.06,307076
0.06,304726
0.06,303256
0.06,301465
0.06,300418
0.06,299831
0.06,297457
0.06,295046
0.07,294211
0.07,293284
0.07,292780
0.07,290821
0.07,287834
0.08,283050
0.08,282942
0.08,281954
0.08,281629
0.08,276324
0.08,275124
0.09,272723
0.09,267438
0.09,264768
0.09,261778
0.09,260214
0.09,258397
0.09,258334
0.09,258291
0.11,256477
0.11,256156
0.12,254369
0.12,253241
0.12,251978
0.12,251665
0.12,251230
0.13,250183
0.13,245914
0.13,243141
0.13,243124
0.14,241425
0.14,239873
0.14,238174
0.14,235865
0.14,235038
0.14,228053
0.15,225725
0.15,225708
0.16,225669
0.16,223724
0.17,223635
0.17,222805
0.17,222588
0.18,222131
0.18,221828
0.19,218663
0.19,217147
0.2,216155
0.2,215502
0.21,214016
0.21,212988
0.22,209890
0.22,208018
0.23,203236
0.24,202790
0.24,202581
0.24,202242
0.25,201679
0.25,200961
0.26,200958
0.26,198098
0.27,197663
0.27,196650
0.27,194603
0.28,192478
0.28,192350
0.28,191945
0.29,191625
0.29,191274
0.29,191211
0.3,190948
0.34,190801
0.35,187753
0.35,186995
0.37,184441
0.38,183333
0.38,183313
0.38,181543
0.4,180769
0.41,177640
0.42,177081
0.43,173658
0.44,173646
0.45,171646
0.45,164347
0.46,164312
0.47,157273
0.47,156939
0.48,156635
0.48,156037
0.49,153506
0.5,153277
0.51,151241
0.51,149634
0.52,149136
0.52,147879
0.53,147533
0.54,146165
0.57,145586
0.6,145355
0.66,143150
0.67,141334
0.7,141319
0.7,141144
0.7,140319
0.7,140295
0.7,137603
0.71,137387
0.72,135764
0.74,134404
0.76,133957
0.77,133905
0.84,133229
0.85,132592
0.88,131868
0.89,131742
0.91,131480
0.91,131340
0.92,130656
0.97,130479
1.06,129858
1.06,128907
1.09,128900
1.1,128146
1.12,127384
1.15,126894
1.22,125971
1.23,125349
1.24,125268
1.25,124917
1.37,124278
1.39,124129
1.45,122984
1.52,122363
1.77,121800
1.82,121422
1.82,120871
1.9,120677
2.11,119716
2.11,118705
2.19,118106
2.25,118001
2.36,117891
2.42,116357
2.5,116275
2.53,115539
2.57,114515
2.59,113948
2.62,113922
3.0,112928
3.19,112820
3.27,112395
3.44,112083
3.64,112073
3.71,111666
3.85,111487
3.97,111402
4.12,111225
4.19,111166
