0.22,6208396
0.32,6127225
0.41,5991589
0.5,5867530
0.69,5817161
0.79,5604240
0.89,5496401
0.99,5439216
1.56,5472169
1.66,5408751
2.21,4968537
2.3,4943103
2.76,5080569
2.86,5054075
2.95,4908514
3.32,4840060
3.41,4767953
3.51,4757723
3.79,4759539
3.88,4489718
3.97,4391572
4.07,4338481
4.16,4226369
4.63,4310161
4.72,4292986
5.29,4383347
5.39,4346715
5.48,4180730
5.66,4174350
5.83,4314174
6.03,4292809
6.12,4284117
6.48,4219416
6.58,4215536
6.66,4130274
7.04,4179477
7.13,4158923
7.41,4155719
7.79,4207585
8.06,4145730
8.16,4111911
8.62,4134503
8.81,3996001
8.91,3969695
9.46,4048322
9.72,4041829
9.91,3960028
10.09,4032737
10.28,4010693
10.65,3948056
11.11,4000185
11.35,4001042
11.83,3954294
12.01,3837104
12.11,3831623
12.2,3826268
12.39,3780524
12.57,3758327
12.76,3817019
12.94,3742139
13.22,3742546
13.7,3645999
14.15,3657816
14.42,3901842
14.61,3855109
14.71,3854567
14.8,3816364
15.07,3809787
15.25,3696556
15.44,3675143
15.91,3847391
16.28,3660910
16.36,3648645
17.68,3934914
17.77,3873577
17.95,3798804
18.97,3989960
19.26,3990564
19.45,3894823
20.28,3984949
20.36,3938987
20.63,3889461
20.91,3989668
21.0,3783157
21.77,3768753
21.96,3833928
22.51,3889589
22.88,3860658
22.97,3715685
23.26,3685733
23.45,3796202
23.81,3774509
23.9,3724922
24.1,3671292
24.28,3601514
24.47,3706563
24.76,3702868
24.86,3624919
25.13,3649739
25.23,3594603
25.59,3643904
25.88,3663514
25.98,3601728
26.26,3544889
26.45,3601408
26.54,3593167
26.73,3620992
26.83,3556734
27.3,3576034
27.77,3759240
28.05,3775371
28.15,3649545
28.24,3647976
28.69,3714793
28.97,3559035
29.52,3642776
