0.01,3427224
0.01,3390340
0.01,3386728
0.01,3374447
0.01,3374334
0.02,3257692
0.02,3257519
0.02,3236436
0.03,3231789
0.03,3228393
0.03,3220022
0.03,3202417
0.03,3167620
0.04,3153329
0.04,3103985
0.05,3078684
0.06,3070370
0.06,3052552
0.06,3048627
0.06,3048497
0.07,3030193
0.07,2977849
0.07,2937461
0.07,2922410
0.07,2889665
0.08,2858691
0.08,2838579
0.08,2794904
0.09,2792231
0.09,2753182
0.09,2751416
0.1,2696440
0.11,2687116
0.11,2674860
0.11,2660123
0.11,2632993
0.12,2629009
0.12,2571730
0.12,2571685
0.12,2568689
0.13,2551281
0.13,2546037
0.14,2525882
0.15,2524816
0.15,2499299
0.15,2496680
0.16,2474194
0.17,2349528
0.17,2323504
0.17,2273744
0.18,2253300
0.18,2234740
0.18,2222040
0.19,2216201
0.21,2214699
0.21,2202464
0.22,2199565
0.23,2180412
0.23,2150311
0.25,2149736
0.25,2146443
0.26,2137676
0.28,2129180
0.28,2128025
0.29,2115943
0.29,2112724
0.29,2112261
0.3,2101999
0.31,2096086
0.32,2083000
0.32,2065478
0.32,2021108
0.33,2016215
0.34,2007178
0.34,2002391
0.35,2000402
0.35,1997742
0.35,1996516
0.35,1984936
0.36,1982596
0.36,1972113
0.36,1965808
0.37,1965797
0.39,1909640
0.39,1883258
0.4,1881714
0.41,1881581
0.41,1864863
0.43,1841540
0.45,1835467
0.46,1830149
0.46,1817719
0.47,1815570
0.48,1806342
0.52,1778536
0.53,1773912
0.55,1770108
0.56,1767496
0.56,1767184
0.56,1750564
0.57,1745956
0.6,1745780
0.6,1725560
0.62,1723587
0.62,1722347
0.62,1701465
0.72,1697090
0.75,1694447
0.77,1694198
0.83,1686228
0.87,1671293
0.88,1662000
0.89,1661793
1.0,1651742
1.61,1640777
1.67,1638655
1.68,1638309
