0.15,3018420
0.29,2827642
0.36,2688131
0.5,2517795
0.57,2516086
0.64,2500088
0.71,2394650
0.85,2390583
0.99,2283091
1.05,2258430
1.19,2100414
1.34,2087363
1.41,2003685
1.48,2002446
1.7,1990788
2.18,1959286
2.33,1932935
2.4,1919789
2.47,1900381
2.54,1874178
2.68,1854342
2.88,1806325
2.95,1789596
3.37,1752905
3.87,1768864
3.95,1757915
4.09,1760707
4.45,1757221
4.52,1741812
4.59,1732699
4.73,1689556
4.88,1721925
5.02,1732838
5.16,1723465
5.23,1715953
5.29,1680529
5.36,1654114
5.64,1655753
5.86,1648241
6.28,1643383
6.35,1630170
6.49,1607004
7.0,1566217
7.57,1547029
7.71,1545632
7.91,1557706
8.26,1553035
8.33,1542263
8.46,1550636
8.67,1545225
9.02,1544665
9.16,1538559
9.3,1537046
10.85,1537145
10.92,1530722
11.28,1530722
11.7,1536009
12.0,1520465
13.52,1518604
13.73,1502621
15.04,1498081
15.87,1497905
17.28,1495632
17.68,1491663
18.45,1491481
18.87,1495632
20.35,1491663
20.79,1490526
21.51,1491663
24.18,1491352
24.47,1492052
24.83,1496769
25.75,1496769
27.25,1495086
27.6,1496769
27.75,1496769
27.82,1491663
28.05,1495632
28.69,1492052
