0.0,2757096
0.0,2736202
0.0,2735851
0.0,2678474
0.0,2675086
0.0,2664106
0.0,2468370
0.0,2400682
0.0,2398922
0.01,2394379
0.01,2390670
0.01,2390351
0.01,2372440
0.01,2357081
0.01,2340352
0.01,2337748
0.01,2333844
0.01,2307797
0.01,2288937
0.02,2278815
0.02,2206739
0.02,2082507
0.02,2080687
0.02,2058786
0.02,2050613
0.02,2010520
0.02,2006696
0.02,2004608
0.02,1990398
0.02,1986099
0.03,1981108
0.03,1906586
0.03,1896383
0.03,1856248
0.04,1588041
0.04,1580524
0.04,1560772
0.04,1552341
0.05,1546438
0.06,1543557
0.06,1540939
0.06,1490266
0.1,1475089
0.21,1470215
