0.07,2392966
0.08,2392396
0.08,2389943
0.08,2388619
0.08,2385721
0.09,2380365
0.09,2377429
0.1,2370834
0.1,2367321
0.11,2331871
0.11,2329437
0.13,2325868
0.13,2320847
0.14,2316444
0.16,2307805
0.17,2304547
0.18,2296487
0.19,2296462
0.19,2291006
0.19,2285870
0.21,2279677
0.22,2276632
0.22,2272233
0.23,2262508
0.23,2260296
0.24,2253405
0.24,2239992
0.24,2231804
0.24,2228129
0.27,2224120
0.27,2223079
0.27,2214570
0.28,2209816
0.29,2208127
0.32,2208076
0.34,2200922
0.34,2199653
0.34,2188471
0.35,2187133
0.35,2183101
0.35,2175542
0.37,2170200
0.37,2146138
0.37,2144446
0.38,2144440
0.38,2134942
0.38,2132513
0.39,2123683
0.4,2121707
0.41,2093932
0.41,2092947
0.42,2092002
0.42,2087783
0.43,2086863
0.43,2081303
0.44,2079167
0.44,2077279
0.44,2076294
0.44,2071709
0.46,2064250
0.47,2062716
0.48,2057727
0.51,2052801
0.51,2052734
0.51,2052113
0.51,2045375
0.52,2041446
0.52,2029598
0.54,2029188
0.57,2025737
0.57,2019555
0.59,2013064
0.63,2009665
0.64,2005814
0.67,1992814
0.69,1969966
0.72,1968258
0.73,1967186
0.73,1960220
0.74,1956412
0.76,1955504
0.79,1954597
0.8,1943535
0.82,1939548
0.83,1926037
0.84,1924609
0.85,1922403
0.87,1917259
0.91,1916652
0.91,1915342
0.93,1914086
0.93,1906122
0.96,1906096
0.96,1880247
0.97,1879755
0.97,1874709
0.98,1874677
1.01,1872460
1.03,1870402
1.03,1820653
1.04,1818403
1.05,1776326
1.08,1776020
1.1,1774962
1.11,1774823
1.12,1773055
1.13,1770947
1.13,1767247
1.16,1767069
1.17,1767067
1.19,1767018
1.19,1764014
1.2,1755936
1.21,1753821
1.23,1753804
1.23,1753750
1.23,1753353
1.25,1751398
1.27,1750308
1.27,1745067
1.39,1742633
1.41,1742037
1.41,1741611
1.42,1732696
1.46,1731808
1.46,1728769
1.47,1728300
1.48,1718926
1.51,1714708
1.52,1711696
1.54,1710463
1.55,1709945
1.58,1709587
1.62,1709192
1.66,1707801
1.66,1693097
1.67,1691589
1.68,1690382
1.69,1690102
1.69,1684163
1.69,1683641
1.69,1682332
1.72,1678880
1.73,1644808
1.76,1644029
1.79,1638252
1.79,1637710
1.82,1637222
1.83,1633733
1.86,1633421
1.87,1631528
1.87,1631078
1.87,1629515
1.9,1628553
1.91,1628443
1.91,1628099
1.93,1627581
1.96,1611067
1.97,1604431
2.01,1601674
2.01,1595899
2.01,1575324
2.02,1575227
2.09,1575126
2.09,1573552
2.11,1569337
2.19,1548901
2.22,1548528
2.23,1533968
2.24,1532845
2.3,1525349
2.32,1525256
2.33,1524165
2.34,1523857
2.36,1515491
2.37,1507937
2.39,1507100
2.43,1506813
2.46,1504163
2.48,1503994
2.49,1502546
2.52,1493247
2.55,1492337
2.55,1492149
2.56,1491029
2.6,1490207
2.61,1486571
2.62,1486495
2.66,1478430
2.67,1478147
2.72,1476613
2.72,1469594
2.77,1467964
2.78,1465892
2.78,1464616
2.9,1456689
2.9,1455454
2.91,1453778
2.96,1446456
2.97,1444618
3.0,1443921
3.06,1443011
3.1,1442804
3.16,1441537
3.24,1441317
3.3,1440373
3.33,1426288
3.38,1426112
3.44,1424752
3.45,1422975
3.45,1422950
3.46,1420459
3.48,1420371
3.51,1419727
3.53,1419129
3.54,1418605
3.58,1417988
3.65,1416776
3.65,1410846
3.67,1407417
3.68,1401962
3.74,1401656
3.75,1400928
3.75,1396962
3.76,1385016
3.83,1383486
3.9,1376875
3.96,1376469
4.0,1375021
4.01,1371767
4.02,1371057
4.07,1371011
4.09,1360117
4.12,1359063
4.13,1358578
4.23,1358194
4.31,1357728
4.33,1353900
4.35,1353559
4.35,1353158
4.37,1352528
4.41,1351805
4.45,1351186
4.48,1350217
4.53,1346915
4.59,1339830
4.6,1339017
4.69,1338508
4.71,1336795
4.78,1330239
4.79,1318621
4.79,1318295
4.85,1317121
4.86,1316691
4.92,1315547
4.95,1314767
4.98,1312665
5.09,1311548
5.14,1307452
5.19,1306918
5.21,1304355
5.22,1300998
5.25,1300977
5.3,1264959
5.32,1264415
5.33,1264398
5.4,1263026
5.42,1259075
5.57,1257255
5.58,1256828
5.6,1256620
5.61,1255656
5.73,1254352
5.8,1248697
5.82,1247951
5.82,1242015
5.85,1240862
5.87,1235644
5.9,1235251
5.98,1229613
5.98,1229576
6.06,1229200
6.1,1197541
6.1,1197072
6.17,1196888
6.19,1194648
6.21,1194494
6.22,1191434
6.25,1191411
6.26,1168989
6.27,1168365
6.3,1167887
6.32,1167344
6.33,1162491
6.33,1160911
6.46,1157113
6.56,1157092
6.64,1143647
6.68,1117134
6.87,1117133
6.92,1109898
6.94,1094889
6.94,1094886
6.94,1094050
6.98,1093106
6.99,1092676
7.02,1089494
7.09,1088296
7.24,1088142
7.27,1087944
7.28,1085121
7.31,1076170
7.34,1075979
7.35,1075231
7.39,1073598
7.64,1073410
7.8,1071095
7.8,1070362
7.84,1069722
7.84,1069580
7.88,1068786
7.9,1068531
7.9,1065709
7.95,1065214
8.18,1064758
8.24,1064634
8.53,1062662
8.69,1061391
9.02,1060947
9.17,1060754
9.25,1060573
9.33,1058725
9.39,1057045
9.47,1056308
9.64,1031978
9.86,1031749
10.02,1021131
10.17,1020849
10.22,1019404
10.27,1012488
10.34,1010531
10.36,1001463
10.42,1000195
10.5,999610
10.58,998984
10.62,998845
10.63,998167
10.64,996467
10.68,994776
10.71,993594
10.81,992596
10.81,991493
10.93,991377
11.2,990544
11.23,985380
11.24,985108
11.3,984888
11.3,984025
11.3,960181
11.47,959505
11.59,958970
11.62,957536
11.81,957514
12.25,957287
12.31,956975
12.35,956391
