0.58,6499248
0.77,6449236
0.97,6234032
1.35,6256411
1.54,6178505
2.28,6157989
2.47,6141058
2.66,6115317
2.85,6045878
3.03,6004238
3.58,6021732
3.76,5964308
4.13,5822917
4.31,5812948
4.5,5787646
4.69,5766933
4.88,5728069
5.27,5663700
5.46,5646689
5.64,5613937
6.02,5616749
6.2,5573726
6.58,5594119
7.15,5606036
7.53,5377853
8.1,5395688
8.49,5473402
8.68,5382733
9.06,5358797
9.63,5377300
10.19,5333855
10.76,5274167
10.95,5212186
11.14,5200628
11.33,5166019
11.73,5228579
12.5,5262849
12.69,5244994
12.88,5154881
13.26,5082575
14.22,5231336
14.61,5206660
14.99,5217488
15.18,5212089
15.37,5129053
15.56,5070577
16.12,5143232
16.32,5095908
18.06,5266770
18.82,5307618
19.2,5295349
19.4,5291972
19.99,5349456
20.18,5293410
20.56,5329984
20.75,5285233
20.94,5283553
21.32,5291069
21.89,5307336
22.46,5274464
22.65,5241765
23.24,5233688
23.43,5115891
24.21,5118880
24.98,5121614
25.36,5108669
25.54,5051185
25.74,5016660
25.93,4936895
26.32,4976180
26.72,4982013
27.11,4965469
27.69,4961310
28.08,5023666
28.47,4998939
28.66,4965059
28.86,4942092
29.26,4971154
29.65,4969948
30.03,4953604
