0.02,2647423
0.02,2634386
0.03,2620719
0.03,2613477
0.04,2515522
0.04,2502922
0.04,2500880
0.04,2493493
0.04,2441724
0.04,2429512
0.05,2429450
0.05,2426165
0.05,2425935
0.05,2395307
0.06,2368398
0.06,2359227
0.06,2350568
0.07,2345728
0.07,2319399
0.07,2313059
0.07,2308145
0.08,2307915
0.08,2307720
0.09,2291026
0.1,2283558
0.1,2283106
0.1,2277830
0.1,2271645
0.11,2264525
0.12,2226952
0.12,2218011
0.12,2199243
0.12,2192794
0.13,2191976
0.13,2178751
0.13,2177469
0.13,2158517
0.13,2157993
0.14,2156007
0.14,2152671
0.14,2148493
0.15,2147302
0.16,2105667
0.16,2079455
0.16,2056814
0.16,2030462
0.17,2024547
0.17,2023048
0.17,2007641
0.17,2005142
0.17,2004803
0.18,1977540
0.18,1954627
0.19,1953767
0.19,1952971
0.19,1906104
0.2,1904605
0.2,1884187
0.21,1881547
0.21,1877980
0.22,1875779
0.23,1865711
0.23,1835609
0.23,1822954
0.24,1815627
0.24,1802258
0.24,1791375
0.24,1783751
0.25,1775804
0.26,1775368
0.28,1771169
0.31,1738448
0.31,1737308
0.32,1732329
0.33,1729038
0.33,1727297
0.33,1722861
0.34,1718242
0.35,1715670
0.35,1710085
0.35,1705312
0.35,1673369
0.36,1655778
0.37,1644439
0.37,1626754
0.39,1605589
0.4,1589578
0.41,1582120
0.42,1571905
0.42,1560772
0.43,1556952
0.44,1531891
0.45,1485405
0.45,1469755
0.45,1460708
0.45,1456737
0.46,1450715
0.47,1439428
0.48,1435364
0.48,1422234
0.48,1412397
0.49,1410773
0.5,1410221
0.5,1409958
0.51,1402582
0.51,1399531
0.51,1394284
0.55,1383700
0.56,1382028
0.56,1378886
0.57,1378590
0.57,1363347
0.58,1353300
0.59,1347241
0.6,1344201
0.61,1343849
0.66,1341899
0.66,1311073
0.66,1310890
0.67,1298343
0.69,1294438
0.71,1287422
0.75,1272060
0.77,1271441
0.78,1266657
0.79,1231294
0.8,1223354
0.85,1222120
0.86,1221288
0.87,1219436
0.9,1215568
0.92,1197032
0.92,1187061
0.92,1185512
0.93,1182168
0.97,1180880
0.98,1164905
1.0,1154113
1.12,1152145
1.16,1146510
1.21,1146346
1.24,1131460
1.25,1128837
1.26,1119155
1.26,1116116
1.31,1111884
1.41,1110492
1.44,1099911
1.49,1077508
1.55,1076027
1.61,1074150
1.61,1068123
1.65,1067533
1.73,1067343
1.82,1061007
2.07,1060754
2.23,1060521
2.26,1035406
2.27,1033921
2.39,1028223
2.46,1002142
2.47,996051
2.61,995589
2.65,993209
2.68,962881
2.75,950838
2.78,949099
2.83,948703
3.0,948579
3.77,943874
3.94,943828
4.07,942123
4.14,936823
4.35,932225
4.47,931197
4.57,920235
4.64,918107
4.82,916304
