0.32,5109647
0.42,4916252
0.72,4892227
0.82,4849104
0.92,4775246
1.03,4672139
1.25,4634804
1.46,4610208
1.68,4618941
1.78,4505742
2.1,4421988
2.3,4389251
2.4,4386863
2.72,4443441
2.83,4372649
2.93,4364225
3.04,4313919
3.25,4172018
3.46,4170930
3.77,4153800
4.18,4183374
4.29,4162659
4.5,4144710
4.6,4095251
4.7,4048094
5.02,4112514
5.22,4111231
5.31,3968398
5.52,4018121
5.62,3946022
5.82,3926578
6.03,3987722
6.13,3978458
6.45,4014470
6.55,3981670
7.07,3999474
7.49,4026344
7.6,4013999
7.7,3998338
8.01,3860637
8.32,3925512
8.73,3984420
9.03,3911965
9.25,3846860
9.65,3979274
9.75,3782556
10.05,3795098
10.37,3781186
10.58,3810783
10.79,3893246
10.88,3766524
11.18,3833740
11.39,3872325
11.59,3797158
11.7,3787064
11.79,3773072
12.31,3873279
12.63,3856177
12.95,3869907
13.05,3833115
13.37,3822787
13.48,3728729
13.58,3673262
13.79,3639254
14.31,3707945
14.73,3579870
15.26,3702214
15.47,3591219
16.01,3678710
16.11,3626888
16.22,3618923
16.32,3595986
16.74,3695365
17.04,3752879
17.15,3614741
17.57,3574200
18.29,3515926
18.62,3590381
18.83,3588641
19.55,3664059
20.18,3670382
20.8,3772278
21.02,3655982
21.12,3653596
21.64,3659621
22.68,3732301
23.61,3900845
24.02,3911855
24.43,3987904
24.53,3958461
24.74,3951296
24.84,3826938
25.05,3807160
25.69,3977542
26.41,4036306
26.51,4000858
26.62,3967569
26.83,3989153
26.93,3980320
27.04,3901898
27.15,3730086
27.47,3982567
27.69,3933396
27.89,3927982
28.64,3911743
29.06,3907657
29.17,3883431
29.38,3906290
29.61,3855310
30.03,3809331
