0.02,4539612
0.02,4397714
0.02,4123467
0.02,4107723
0.02,4009178
0.02,3988102
0.02,3985692
0.03,3811378
0.03,3805264
0.03,3804215
0.03,3786837
0.03,3784849
0.04,3777691
0.04,3774693
0.04,3755542
0.04,3714500
0.04,3713612
0.05,3645290
0.05,3641507
0.05,3631281
0.06,3602724
0.06,3600593
0.06,3585517
0.06,3584074
0.07,3573374
0.07,3522925
0.07,3404590
0.08,3317070
0.08,3264281
0.09,3264107
0.09,3255224
0.11,3253804
0.11,3239639
0.13,3222026
0.13,3194543
0.14,3074181
0.14,3071644
0.14,3061682
0.16,3056382
0.17,3048551
0.17,3004306
0.17,3000813
0.17,2993459
0.18,2993211
0.18,2948031
0.19,2781890
0.21,2738901
0.21,2727646
0.21,2715702
0.22,2706533
0.22,2702536
0.24,2657553
0.25,2649101
0.26,2639558
0.28,2631834
0.29,2629289
0.31,2628412
0.31,2623162
0.31,2622890
0.32,2602828
0.32,2597993
0.33,2496941
0.35,2491503
0.39,2489848
0.4,2479692
0.41,2457731
0.43,2369528
0.43,2367954
0.45,2344239
0.46,2343668
0.47,2340396
0.48,2269550
0.48,2268616
0.52,2268221
0.52,2252664
0.52,2242448
0.53,2232178
0.53,2231609
0.57,2230181
0.57,2208691
0.58,2203702
0.6,2195270
0.6,2184786
0.63,2177261
0.65,2170151
0.66,2116953
0.66,2109851
0.67,2099979
0.67,2093525
0.68,2089088
0.73,2059846
0.73,2058428
0.74,2056051
0.76,2044762
0.77,2028123
0.77,2026241
0.78,1999969
0.79,1995026
0.8,1991127
0.8,1986233
0.81,1984367
0.82,1984079
0.83,1969464
0.86,1954191
0.9,1950159
0.92,1949249
0.93,1948684
0.96,1946385
0.98,1922222
1.0,1918318
1.0,1912758
1.05,1902898
1.06,1900932
1.08,1900695
1.11,1845804
1.11,1845693
1.14,1844406
1.15,1843195
1.15,1839624
1.18,1838211
1.18,1837450
1.2,1837107
1.22,1828715
1.26,1826062
1.28,1825448
1.3,1821075
1.33,1805009
1.35,1804934
1.36,1804150
1.38,1802825
1.39,1787359
1.46,1787231
1.46,1784584
1.49,1778416
1.53,1777046
1.55,1776147
1.56,1765288
1.63,1758515
1.7,1757785
1.73,1757759
1.74,1744298
1.77,1719006
1.78,1718406
1.78,1709651
1.82,1709266
1.85,1705970
1.86,1705465
1.9,1702958
1.98,1700754
1.99,1698945
2.0,1685602
2.0,1685511
2.0,1666935
2.02,1662770
2.1,1662504
2.1,1661723
2.1,1661388
2.14,1661205
2.27,1655452
2.29,1655316
2.29,1654578
2.29,1653195
2.41,1652506
2.49,1651838
2.51,1648570
2.62,1648363
2.7,1648206
2.77,1647334
2.78,1645179
2.8,1643411
2.84,1631041
2.96,1629032
2.98,1621283
3.0,1618839
3.06,1595267
3.11,1594833
3.34,1591589
3.35,1588738
3.36,1588591
3.49,1588526
3.66,1573835
3.95,1571161
3.97,1562318
3.97,1561528
4.07,1561030
4.08,1551178
4.12,1550700
4.15,1550469
4.15,1549353
4.39,1548873
4.4,1547050
4.41,1522788
4.52,1490331
4.74,1485791
5.08,1482902
5.31,1478135
