0.33,8696981
0.45,8580490
0.69,8115495
0.93,8097538
1.05,7999202
1.17,7720624
1.53,7768941
1.65,7239223
2.37,7357508
2.62,7330075
2.74,7182204
2.86,7107787
3.34,7163895
3.46,7007971
3.7,6734959
4.55,6849972
4.66,6847786
4.78,6839291
4.9,6701498
5.39,6628218
5.51,6567827
6.48,6465003
7.07,6467229
7.42,6421042
7.99,6379340
8.46,6238248
8.57,6233800
9.01,6118943
9.71,5900210
10.29,6084888
10.62,6042671
10.84,5705780
11.85,6071954
11.96,6048243
12.07,6028003
12.77,5844901
13.22,6103751
13.44,5834211
14.1,6082635
14.55,6233034
14.9,6262633
15.34,6185229
15.67,6230431
15.78,6163586
16.65,6512040
16.75,6422504
17.41,6541920
18.05,6578712
18.28,6473060
18.39,6462621
18.61,6366617
18.94,6324722
19.28,6165287
19.94,6336169
20.39,6403787
20.51,6334631
20.84,6370717
20.95,6205381
21.28,6200811
21.49,6392685
21.61,6337463
21.72,6193494
21.93,6278931
22.04,6263379
22.47,6459218
22.69,6427044
22.91,6095786
23.68,6332411
23.78,6186253
24.31,6239906
24.65,6373037
24.76,6324709
24.87,6296491
25.22,6243432
25.33,5892035
26.03,6062274
26.27,6366541
26.38,6058063
26.74,6523421
27.07,6484383
27.22,6323752
27.35,6239228
27.51,6130404
28.42,6225434
28.55,6026904
28.92,6056697
29.16,6169220
29.28,6058306
29.92,6129279
