0.27,647071
0.5,616397
0.62,608181
0.84,608872
1.07,598947
1.41,582302
1.53,564330
1.76,566673
1.88,564063
1.99,551763
2.22,557806
2.56,565180
2.67,557687
3.02,557578
3.13,554801
3.25,546347
3.49,554996
3.61,547988
4.21,550641
4.32,541239
4.66,548865
4.78,541438
4.9,537738
5.13,528754
5.35,530167
5.59,524936
5.81,521825
6.18,511324
6.53,511800
6.76,509166
6.87,496055
7.44,495828
7.68,499604
8.02,508278
8.14,506054
8.38,493494
8.82,498068
8.94,496781
9.16,494352
9.5,499667
9.62,495320
9.95,486304
10.07,479440
10.29,479145
10.4,478357
10.52,476082
10.85,470955
11.41,481792
11.64,483036
11.76,482758
11.86,482152
12.76,492278
12.87,488771
13.21,494203
13.33,485730
13.56,489086
14.13,488988
14.37,476327
14.71,469484
14.81,449564
15.4,454721
15.96,457966
16.52,463889
16.86,465819
17.07,468584
17.42,461320
17.76,473029
17.98,466769
18.1,461103
18.32,471630
18.55,456428
18.67,453566
18.89,463811
19.35,459320
19.82,475372
19.92,469845
20.15,468884
20.38,467533
20.71,473755
20.82,468875
21.06,470935
21.17,466212
21.4,469342
21.63,471963
21.75,459804
21.98,459521
22.1,458140
22.22,457403
22.33,444963
22.56,454293
22.68,450481
22.79,440330
23.13,449229
23.24,439676
23.5,444195
23.65,442013
23.78,431461
24.36,429862
24.58,427819
25.15,435528
25.27,434809
25.48,438795
25.6,436442
25.71,432680
26.04,430947
26.35,425654
26.58,436265
26.69,421580
27.83,434588
28.16,431719
28.5,442348
28.72,435273
29.41,458346
29.65,454621
29.88,448932
30.1,458777
