0.01,410025
0.02,409066
0.02,398286
0.02,398205
0.02,398097
0.02,391046
0.03,389253
0.03,387393
0.03,384592
0.03,384080
0.03,383610
0.03,381693
0.03,380749
0.03,378978
0.04,378381
0.04,374391
0.04,367112
0.04,366210
0.04,363111
0.04,361119
0.04,361015
0.05,358723
0.05,354912
0.05,348408
0.05,347841
0.05,336957
0.05,336286
0.05,335729
0.05,335433
0.06,335077
0.06,335060
0.06,332885
0.07,331788
0.07,326567
0.07,326293
0.07,324633
0.08,324240
0.08,324217
0.08,324069
0.08,323205
0.08,322503
0.08,321516
0.08,318603
0.09,316283
0.09,315997
0.09,315380
0.09,314533
0.1,313825
0.1,312751
0.1,311697
0.11,311588
0.11,310716
0.11,310531
0.11,309289
0.11,306497
0.12,304115
0.12,303362
0.13,302388
0.13,300835
0.13,300543
0.13,298951
0.14,297533
0.14,296851
0.15,295293
0.15,293036
0.16,291923
0.16,291832
0.17,290664
0.17,288639
0.17,287849
0.17,285424
0.18,284915
0.19,282589
0.19,282413
0.19,280255
0.19,279894
0.2,277258
0.21,274528
0.21,265812
0.21,259675
0.21,255129
0.23,253620
0.24,250923
0.24,250745
0.24,250742
0.25,250614
0.25,249703
0.26,249480
0.27,248987
0.27,248638
0.27,248124
0.27,247808
0.29,247418
0.3,244733
0.31,244539
0.32,242383
0.33,242377
0.33,239701
0.33,236780
0.34,235495
0.34,233799
0.34,233459
0.36,232009
0.36,231734
0.36,230737
0.37,230500
0.37,230260
0.37,226577
0.37,226023
0.39,225139
0.41,224601
0.41,222404
0.41,222190
0.41,222181
0.42,222152
0.46,221534
0.47,221499
0.48,220809
0.48,220114
0.49,218184
0.5,218027
0.53,216917
0.55,215526
0.55,215492
0.57,213667
0.57,213128
0.57,212634
0.57,209270
0.58,208776
0.58,208317
0.59,207231
0.59,205162
0.6,204239
0.62,204186
0.63,203166
0.64,203105
0.65,202433
0.77,202407
0.81,202082
0.81,201916
0.82,201300
0.82,198319
0.84,196929
0.84,196593
0.85,194605
0.85,194475
0.86,194252
0.88,193433
0.88,193361
