0.01,496649
0.01,491472
0.01,490855
0.01,489434
0.02,485914
0.02,482360
0.02,480726
0.02,477237
0.02,472111
0.02,470860
0.02,467878
0.02,466499
0.02,465939
0.02,465296
0.03,463817
0.03,463484
0.03,462939
0.03,461873
0.03,460339
0.03,447805
0.04,447746
0.04,439111
0.04,437765
0.04,434639
0.04,429333
0.04,426010
0.04,423503
0.04,417931
0.04,416151
0.04,414854
0.04,414756
0.04,409879
0.04,407369
0.05,397089
0.05,394513
0.05,390765
0.05,389789
0.05,386699
0.05,385856
0.05,385644
0.05,384078
0.05,383503
0.05,382930
0.05,381287
0.06,379311
0.06,379050
0.06,376900
0.06,374299
0.06,358805
0.06,355315
0.06,355081
0.06,354937
0.06,353329
0.07,352934
0.07,352928
0.07,351837
0.07,350959
0.07,349798
0.07,349543
0.08,348951
0.08,348181
0.08,346846
0.08,346104
0.08,345742
0.09,344554
0.09,344439
0.09,342584
0.09,335238
0.09,333601
0.09,331576
0.09,331546
0.1,330214
0.1,329586
0.1,328077
0.1,321744
0.1,321694
0.11,321462
0.11,321212
0.11,319497
0.12,319236
0.12,317866
0.13,317844
0.13,317568
0.13,317524
0.13,314303
0.14,313589
0.14,311191
0.14,310103
0.14,308854
0.14,307657
0.15,306795
0.15,305856
0.15,301666
0.15,301204
0.15,300239
0.15,300151
0.15,299162
0.16,298882
0.16,295069
0.16,294204
0.16,293939
0.16,293533
0.18,291369
0.18,289612
0.18,288888
0.18,288374
0.18,288134
0.19,287555
0.19,284779
0.19,284343
0.2,282348
0.2,282326
0.2,279779
0.21,279155
0.21,273565
0.22,273429
0.22,267566
0.22,266967
0.22,266391
0.22,265379
0.22,264302
0.23,264072
0.23,262386
0.23,262048
0.23,256511
0.24,252830
0.24,252451
0.25,252392
0.25,251698
0.25,251214
0.26,250605
0.26,250546
0.27,250140
0.27,249107
0.28,247823
0.29,246782
0.3,244957
0.3,244588
0.3,243725
0.31,243554
0.31,243400
0.31,236828
0.32,236467
0.32,234255
0.34,234142
0.35,229792
0.35,229490
0.35,228644
0.35,228405
0.37,226758
0.39,226233
0.4,225822
0.41,220379
0.42,219310
0.42,219261
0.43,218423
0.43,218331
0.43,217680
0.44,216837
0.44,216582
0.45,214973
0.45,213138
0.46,213091
0.47,212038
0.47,211362
0.48,211108
0.48,210380
0.48,209597
0.49,208163
0.49,208133
0.5,206394
0.51,206327
0.54,206248
0.55,205519
0.55,204692
0.55,202488
0.55,200637
0.58,200418
0.65,199293
0.65,199165
0.66,197040
0.68,194682
0.69,194064
0.71,192579
0.72,192350
0.74,190634
0.77,189791
0.79,189787
0.81,189461
0.88,188952
